{"D:\\Downloads\\mern-ecommerce\\backend\\controllers\\Address.js": {"path":"D:\\Downloads\\mern-ecommerce\\backend\\controllers\\Address.js","statementMap":{"0":{"start":{"line":1,"column":16},"end":{"line":1,"column":44}},"1":{"start":{"line":3,"column":0},"end":{"line":12,"column":1}},"2":{"start":{"line":4,"column":4},"end":{"line":11,"column":5}},"3":{"start":{"line":5,"column":22},"end":{"line":5,"column":43}},"4":{"start":{"line":6,"column":8},"end":{"line":6,"column":28}},"5":{"start":{"line":7,"column":8},"end":{"line":7,"column":37}},"6":{"start":{"line":9,"column":8},"end":{"line":9,"column":27}},"7":{"start":{"line":10,"column":8},"end":{"line":10,"column":96}},"8":{"start":{"line":14,"column":0},"end":{"line":24,"column":2}},"9":{"start":{"line":15,"column":4},"end":{"line":23,"column":5}},"10":{"start":{"line":16,"column":19},"end":{"line":16,"column":29}},"11":{"start":{"line":17,"column":22},"end":{"line":17,"column":51}},"12":{"start":{"line":18,"column":8},"end":{"line":18,"column":37}},"13":{"start":{"line":21,"column":8},"end":{"line":21,"column":27}},"14":{"start":{"line":22,"column":8},"end":{"line":22,"column":90}},"15":{"start":{"line":26,"column":0},"end":{"line":36,"column":1}},"16":{"start":{"line":27,"column":4},"end":{"line":35,"column":5}},"17":{"start":{"line":28,"column":19},"end":{"line":28,"column":29}},"18":{"start":{"line":29,"column":22},"end":{"line":29,"column":77}},"19":{"start":{"line":30,"column":8},"end":{"line":30,"column":29}},"20":{"start":{"line":31,"column":8},"end":{"line":31,"column":37}},"21":{"start":{"line":33,"column":8},"end":{"line":33,"column":27}},"22":{"start":{"line":34,"column":8},"end":{"line":34,"column":88}},"23":{"start":{"line":38,"column":0},"end":{"line":47,"column":1}},"24":{"start":{"line":39,"column":4},"end":{"line":46,"column":5}},"25":{"start":{"line":40,"column":19},"end":{"line":40,"column":29}},"26":{"start":{"line":41,"column":22},"end":{"line":41,"column":57}},"27":{"start":{"line":42,"column":8},"end":{"line":42,"column":37}},"28":{"start":{"line":44,"column":8},"end":{"line":44,"column":27}},"29":{"start":{"line":45,"column":8},"end":{"line":45,"column":88}}},"fnMap":{"0":{"name":"(anonymous_0)","decl":{"start":{"line":3,"column":15},"end":{"line":3,"column":16}},"loc":{"start":{"line":3,"column":31},"end":{"line":12,"column":1}},"line":3},"1":{"name":"(anonymous_1)","decl":{"start":{"line":14,"column":22},"end":{"line":14,"column":23}},"loc":{"start":{"line":14,"column":42},"end":{"line":24,"column":1}},"line":14},"2":{"name":"(anonymous_2)","decl":{"start":{"line":26,"column":19},"end":{"line":26,"column":20}},"loc":{"start":{"line":26,"column":35},"end":{"line":36,"column":1}},"line":26},"3":{"name":"(anonymous_3)","decl":{"start":{"line":38,"column":19},"end":{"line":38,"column":20}},"loc":{"start":{"line":38,"column":35},"end":{"line":47,"column":1}},"line":38}},"branchMap":{},"s":{"0":1,"1":1,"2":0,"3":0,"4":0,"5":0,"6":0,"7":0,"8":1,"9":0,"10":0,"11":0,"12":0,"13":0,"14":0,"15":1,"16":0,"17":0,"18":0,"19":0,"20":0,"21":0,"22":0,"23":1,"24":0,"25":0,"26":0,"27":0,"28":0,"29":0},"f":{"0":0,"1":0,"2":0,"3":0},"b":{},"_coverageSchema":"1a1c01bbd47fc00a2c39e90264f33305004495a9","hash":"56b9017cdffc6b08011da5dcee0912248625ce4f"}
,"D:\\Downloads\\mern-ecommerce\\backend\\controllers\\Auth.js": {"path":"D:\\Downloads\\mern-ecommerce\\backend\\controllers\\Auth.js","statementMap":{"0":{"start":{"line":1,"column":13},"end":{"line":1,"column":38}},"1":{"start":{"line":2,"column":13},"end":{"line":2,"column":32}},"2":{"start":{"line":3,"column":21},"end":{"line":3,"column":47}},"3":{"start":{"line":4,"column":24},"end":{"line":4,"column":55}},"4":{"start":{"line":5,"column":12},"end":{"line":5,"column":36}},"5":{"start":{"line":6,"column":25},"end":{"line":6,"column":57}},"6":{"start":{"line":7,"column":26},"end":{"line":7,"column":59}},"7":{"start":{"line":8,"column":27},"end":{"line":8,"column":66}},"8":{"start":{"line":10,"column":0},"end":{"line":47,"column":1}},"9":{"start":{"line":11,"column":4},"end":{"line":46,"column":5}},"10":{"start":{"line":12,"column":27},"end":{"line":12,"column":69}},"11":{"start":{"line":15,"column":8},"end":{"line":17,"column":9}},"12":{"start":{"line":16,"column":12},"end":{"line":16,"column":74}},"13":{"start":{"line":20,"column":29},"end":{"line":20,"column":68}},"14":{"start":{"line":21,"column":8},"end":{"line":21,"column":40}},"15":{"start":{"line":24,"column":26},"end":{"line":24,"column":44}},"16":{"start":{"line":25,"column":8},"end":{"line":25,"column":32}},"17":{"start":{"line":28,"column":25},"end":{"line":28,"column":50}},"18":{"start":{"line":31,"column":20},"end":{"line":31,"column":45}},"19":{"start":{"line":34,"column":8},"end":{"line":39,"column":10}},"20":{"start":{"line":41,"column":8},"end":{"line":41,"column":55}},"21":{"start":{"line":44,"column":8},"end":{"line":44,"column":27}},"22":{"start":{"line":45,"column":8},"end":{"line":45,"column":93}},"23":{"start":{"line":49,"column":0},"end":{"line":85,"column":1}},"24":{"start":{"line":50,"column":4},"end":{"line":84,"column":5}},"25":{"start":{"line":52,"column":27},"end":{"line":52,"column":69}},"26":{"start":{"line":55,"column":8},"end":{"line":77,"column":9}},"27":{"start":{"line":58,"column":12},"end":{"line":61,"column":13}},"28":{"start":{"line":59,"column":16},"end":{"line":59,"column":41}},"29":{"start":{"line":60,"column":16},"end":{"line":60,"column":128}},"30":{"start":{"line":64,"column":29},"end":{"line":64,"column":55}},"31":{"start":{"line":67,"column":24},"end":{"line":67,"column":49}},"32":{"start":{"line":70,"column":12},"end":{"line":75,"column":14}},"33":{"start":{"line":76,"column":12},"end":{"line":76,"column":67}},"34":{"start":{"line":79,"column":8},"end":{"line":79,"column":33}},"35":{"start":{"line":80,"column":8},"end":{"line":80,"column":68}},"36":{"start":{"line":82,"column":8},"end":{"line":82,"column":27}},"37":{"start":{"line":83,"column":8},"end":{"line":83,"column":101}},"38":{"start":{"line":87,"column":0},"end":{"line":126,"column":1}},"39":{"start":{"line":88,"column":4},"end":{"line":125,"column":5}},"40":{"start":{"line":90,"column":28},"end":{"line":90,"column":64}},"41":{"start":{"line":93,"column":8},"end":{"line":95,"column":9}},"42":{"start":{"line":94,"column":12},"end":{"line":94,"column":105}},"43":{"start":{"line":98,"column":28},"end":{"line":98,"column":71}},"44":{"start":{"line":101,"column":8},"end":{"line":103,"column":9}},"45":{"start":{"line":102,"column":12},"end":{"line":102,"column":66}},"46":{"start":{"line":106,"column":8},"end":{"line":109,"column":9}},"47":{"start":{"line":107,"column":12},"end":{"line":107,"column":58}},"48":{"start":{"line":108,"column":12},"end":{"line":108,"column":73}},"49":{"start":{"line":112,"column":8},"end":{"line":116,"column":9}},"50":{"start":{"line":113,"column":12},"end":{"line":113,"column":58}},"51":{"start":{"line":114,"column":31},"end":{"line":114,"column":107}},"52":{"start":{"line":115,"column":12},"end":{"line":115,"column":67}},"53":{"start":{"line":119,"column":8},"end":{"line":119,"column":74}},"54":{"start":{"line":123,"column":8},"end":{"line":123,"column":27}},"55":{"start":{"line":124,"column":8},"end":{"line":124,"column":60}},"56":{"start":{"line":128,"column":0},"end":{"line":152,"column":1}},"57":{"start":{"line":129,"column":4},"end":{"line":151,"column":5}},"58":{"start":{"line":131,"column":27},"end":{"line":131,"column":61}},"59":{"start":{"line":133,"column":8},"end":{"line":135,"column":9}},"60":{"start":{"line":134,"column":12},"end":{"line":134,"column":69}},"61":{"start":{"line":137,"column":8},"end":{"line":137,"column":53}},"62":{"start":{"line":139,"column":18},"end":{"line":139,"column":31}},"63":{"start":{"line":140,"column":24},"end":{"line":140,"column":49}},"64":{"start":{"line":142,"column":21},"end":{"line":142,"column":127}},"65":{"start":{"line":143,"column":8},"end":{"line":143,"column":27}},"66":{"start":{"line":145,"column":8},"end":{"line":145,"column":236}},"67":{"start":{"line":147,"column":8},"end":{"line":147,"column":52}},"68":{"start":{"line":149,"column":8},"end":{"line":149,"column":106}},"69":{"start":{"line":150,"column":8},"end":{"line":150,"column":27}},"70":{"start":{"line":154,"column":0},"end":{"line":195,"column":1}},"71":{"start":{"line":156,"column":4},"end":{"line":194,"column":5}},"72":{"start":{"line":158,"column":29},"end":{"line":158,"column":71}},"73":{"start":{"line":161,"column":8},"end":{"line":163,"column":9}},"74":{"start":{"line":162,"column":12},"end":{"line":162,"column":83}},"75":{"start":{"line":165,"column":8},"end":{"line":165,"column":70}},"76":{"start":{"line":168,"column":33},"end":{"line":168,"column":81}},"77":{"start":{"line":171,"column":26},"end":{"line":171,"column":66}},"78":{"start":{"line":174,"column":8},"end":{"line":174,"column":149}},"79":{"start":{"line":175,"column":8},"end":{"line":175,"column":29}},"80":{"start":{"line":178,"column":8},"end":{"line":187,"column":46}},"81":{"start":{"line":189,"column":8},"end":{"line":189,"column":93}},"82":{"start":{"line":192,"column":8},"end":{"line":192,"column":27}},"83":{"start":{"line":193,"column":8},"end":{"line":193,"column":89}},"84":{"start":{"line":197,"column":0},"end":{"line":239,"column":1}},"85":{"start":{"line":198,"column":4},"end":{"line":238,"column":5}},"86":{"start":{"line":201,"column":29},"end":{"line":201,"column":65}},"87":{"start":{"line":204,"column":8},"end":{"line":206,"column":9}},"88":{"start":{"line":205,"column":12},"end":{"line":205,"column":73}},"89":{"start":{"line":209,"column":35},"end":{"line":209,"column":94}},"90":{"start":{"line":212,"column":8},"end":{"line":214,"column":9}},"91":{"start":{"line":213,"column":12},"end":{"line":213,"column":76}},"92":{"start":{"line":217,"column":8},"end":{"line":220,"column":9}},"93":{"start":{"line":218,"column":12},"end":{"line":218,"column":80}},"94":{"start":{"line":219,"column":12},"end":{"line":219,"column":80}},"95":{"start":{"line":223,"column":8},"end":{"line":231,"column":9}},"96":{"start":{"line":226,"column":12},"end":{"line":226,"column":80}},"97":{"start":{"line":229,"column":12},"end":{"line":229,"column":111}},"98":{"start":{"line":230,"column":12},"end":{"line":230,"column":81}},"99":{"start":{"line":233,"column":8},"end":{"line":233,"column":76}},"100":{"start":{"line":236,"column":8},"end":{"line":236,"column":27}},"101":{"start":{"line":237,"column":8},"end":{"line":237,"column":108}},"102":{"start":{"line":241,"column":0},"end":{"line":253,"column":1}},"103":{"start":{"line":242,"column":4},"end":{"line":252,"column":5}},"104":{"start":{"line":243,"column":8},"end":{"line":248,"column":10}},"105":{"start":{"line":249,"column":8},"end":{"line":249,"column":59}},"106":{"start":{"line":251,"column":8},"end":{"line":251,"column":27}},"107":{"start":{"line":255,"column":0},"end":{"line":266,"column":1}},"108":{"start":{"line":256,"column":4},"end":{"line":265,"column":5}},"109":{"start":{"line":257,"column":8},"end":{"line":260,"column":9}},"110":{"start":{"line":258,"column":23},"end":{"line":258,"column":56}},"111":{"start":{"line":259,"column":12},"end":{"line":259,"column":59}},"112":{"start":{"line":261,"column":8},"end":{"line":261,"column":27}},"113":{"start":{"line":263,"column":8},"end":{"line":263,"column":27}},"114":{"start":{"line":264,"column":8},"end":{"line":264,"column":27}}},"fnMap":{"0":{"name":"(anonymous_0)","decl":{"start":{"line":10,"column":15},"end":{"line":10,"column":16}},"loc":{"start":{"line":10,"column":31},"end":{"line":47,"column":1}},"line":10},"1":{"name":"(anonymous_1)","decl":{"start":{"line":49,"column":14},"end":{"line":49,"column":15}},"loc":{"start":{"line":49,"column":30},"end":{"line":85,"column":1}},"line":49},"2":{"name":"(anonymous_2)","decl":{"start":{"line":87,"column":18},"end":{"line":87,"column":19}},"loc":{"start":{"line":87,"column":34},"end":{"line":126,"column":1}},"line":87},"3":{"name":"(anonymous_3)","decl":{"start":{"line":128,"column":18},"end":{"line":128,"column":19}},"loc":{"start":{"line":128,"column":34},"end":{"line":152,"column":1}},"line":128},"4":{"name":"(anonymous_4)","decl":{"start":{"line":154,"column":23},"end":{"line":154,"column":24}},"loc":{"start":{"line":154,"column":39},"end":{"line":195,"column":1}},"line":154},"5":{"name":"(anonymous_5)","decl":{"start":{"line":197,"column":22},"end":{"line":197,"column":23}},"loc":{"start":{"line":197,"column":38},"end":{"line":239,"column":1}},"line":197},"6":{"name":"(anonymous_6)","decl":{"start":{"line":241,"column":15},"end":{"line":241,"column":16}},"loc":{"start":{"line":241,"column":31},"end":{"line":253,"column":1}},"line":241},"7":{"name":"(anonymous_7)","decl":{"start":{"line":255,"column":18},"end":{"line":255,"column":19}},"loc":{"start":{"line":255,"column":34},"end":{"line":266,"column":1}},"line":255}},"branchMap":{"0":{"loc":{"start":{"line":15,"column":8},"end":{"line":17,"column":9}},"type":"if","locations":[{"start":{"line":15,"column":8},"end":{"line":17,"column":9}},{"start":{},"end":{}}],"line":15},"1":{"loc":{"start":{"line":35,"column":21},"end":{"line":35,"column":65}},"type":"cond-expr","locations":[{"start":{"line":35,"column":53},"end":{"line":35,"column":59}},{"start":{"line":35,"column":60},"end":{"line":35,"column":65}}],"line":35},"2":{"loc":{"start":{"line":38,"column":19},"end":{"line":38,"column":61}},"type":"cond-expr","locations":[{"start":{"line":38,"column":51},"end":{"line":38,"column":55}},{"start":{"line":38,"column":56},"end":{"line":38,"column":61}}],"line":38},"3":{"loc":{"start":{"line":55,"column":8},"end":{"line":77,"column":9}},"type":"if","locations":[{"start":{"line":55,"column":8},"end":{"line":77,"column":9}},{"start":{},"end":{}}],"line":55},"4":{"loc":{"start":{"line":55,"column":11},"end":{"line":55,"column":90}},"type":"binary-expr","locations":[{"start":{"line":55,"column":11},"end":{"line":55,"column":23}},{"start":{"line":55,"column":28},"end":{"line":55,"column":89}}],"line":55},"5":{"loc":{"start":{"line":58,"column":12},"end":{"line":61,"column":13}},"type":"if","locations":[{"start":{"line":58,"column":12},"end":{"line":61,"column":13}},{"start":{},"end":{}}],"line":58},"6":{"loc":{"start":{"line":71,"column":25},"end":{"line":71,"column":69}},"type":"cond-expr","locations":[{"start":{"line":71,"column":57},"end":{"line":71,"column":63}},{"start":{"line":71,"column":64},"end":{"line":71,"column":69}}],"line":71},"7":{"loc":{"start":{"line":74,"column":23},"end":{"line":74,"column":65}},"type":"cond-expr","locations":[{"start":{"line":74,"column":55},"end":{"line":74,"column":59}},{"start":{"line":74,"column":60},"end":{"line":74,"column":65}}],"line":74},"8":{"loc":{"start":{"line":93,"column":8},"end":{"line":95,"column":9}},"type":"if","locations":[{"start":{"line":93,"column":8},"end":{"line":95,"column":9}},{"start":{},"end":{}}],"line":93},"9":{"loc":{"start":{"line":101,"column":8},"end":{"line":103,"column":9}},"type":"if","locations":[{"start":{"line":101,"column":8},"end":{"line":103,"column":9}},{"start":{},"end":{}}],"line":101},"10":{"loc":{"start":{"line":106,"column":8},"end":{"line":109,"column":9}},"type":"if","locations":[{"start":{"line":106,"column":8},"end":{"line":109,"column":9}},{"start":{},"end":{}}],"line":106},"11":{"loc":{"start":{"line":112,"column":8},"end":{"line":116,"column":9}},"type":"if","locations":[{"start":{"line":112,"column":8},"end":{"line":116,"column":9}},{"start":{},"end":{}}],"line":112},"12":{"loc":{"start":{"line":112,"column":11},"end":{"line":112,"column":82}},"type":"binary-expr","locations":[{"start":{"line":112,"column":11},"end":{"line":112,"column":24}},{"start":{"line":112,"column":29},"end":{"line":112,"column":81}}],"line":112},"13":{"loc":{"start":{"line":133,"column":8},"end":{"line":135,"column":9}},"type":"if","locations":[{"start":{"line":133,"column":8},"end":{"line":135,"column":9}},{"start":{},"end":{}}],"line":133},"14":{"loc":{"start":{"line":161,"column":8},"end":{"line":163,"column":9}},"type":"if","locations":[{"start":{"line":161,"column":8},"end":{"line":163,"column":9}},{"start":{},"end":{}}],"line":161},"15":{"loc":{"start":{"line":204,"column":8},"end":{"line":206,"column":9}},"type":"if","locations":[{"start":{"line":204,"column":8},"end":{"line":206,"column":9}},{"start":{},"end":{}}],"line":204},"16":{"loc":{"start":{"line":212,"column":8},"end":{"line":214,"column":9}},"type":"if","locations":[{"start":{"line":212,"column":8},"end":{"line":214,"column":9}},{"start":{},"end":{}}],"line":212},"17":{"loc":{"start":{"line":217,"column":8},"end":{"line":220,"column":9}},"type":"if","locations":[{"start":{"line":217,"column":8},"end":{"line":220,"column":9}},{"start":{},"end":{}}],"line":217},"18":{"loc":{"start":{"line":223,"column":8},"end":{"line":231,"column":9}},"type":"if","locations":[{"start":{"line":223,"column":8},"end":{"line":231,"column":9}},{"start":{},"end":{}}],"line":223},"19":{"loc":{"start":{"line":223,"column":11},"end":{"line":223,"column":145}},"type":"binary-expr","locations":[{"start":{"line":223,"column":11},"end":{"line":223,"column":31}},{"start":{"line":223,"column":35},"end":{"line":223,"column":76}},{"start":{"line":223,"column":81},"end":{"line":223,"column":144}}],"line":223},"20":{"loc":{"start":{"line":245,"column":21},"end":{"line":245,"column":65}},"type":"cond-expr","locations":[{"start":{"line":245,"column":53},"end":{"line":245,"column":59}},{"start":{"line":245,"column":60},"end":{"line":245,"column":65}}],"line":245},"21":{"loc":{"start":{"line":247,"column":19},"end":{"line":247,"column":61}},"type":"cond-expr","locations":[{"start":{"line":247,"column":51},"end":{"line":247,"column":55}},{"start":{"line":247,"column":56},"end":{"line":247,"column":61}}],"line":247},"22":{"loc":{"start":{"line":257,"column":8},"end":{"line":260,"column":9}},"type":"if","locations":[{"start":{"line":257,"column":8},"end":{"line":260,"column":9}},{"start":{},"end":{}}],"line":257}},"s":{"0":2,"1":2,"2":2,"3":2,"4":2,"5":2,"6":2,"7":2,"8":2,"9":17,"10":17,"11":17,"12":1,"13":16,"14":15,"15":15,"16":15,"17":13,"18":13,"19":13,"20":13,"21":3,"22":3,"23":2,"24":10,"25":10,"26":10,"27":5,"28":1,"29":1,"30":4,"31":4,"32":4,"33":4,"34":5,"35":5,"36":0,"37":0,"38":2,"39":0,"40":0,"41":0,"42":0,"43":0,"44":0,"45":0,"46":0,"47":0,"48":0,"49":0,"50":0,"51":0,"52":0,"53":0,"54":0,"55":0,"56":2,"57":0,"58":0,"59":0,"60":0,"61":0,"62":0,"63":0,"64":0,"65":0,"66":0,"67":0,"68":0,"69":0,"70":2,"71":0,"72":0,"73":0,"74":0,"75":0,"76":0,"77":0,"78":0,"79":0,"80":0,"81":0,"82":0,"83":0,"84":2,"85":0,"86":0,"87":0,"88":0,"89":0,"90":0,"91":0,"92":0,"93":0,"94":0,"95":0,"96":0,"97":0,"98":0,"99":0,"100":0,"101":0,"102":2,"103":0,"104":0,"105":0,"106":0,"107":2,"108":0,"109":0,"110":0,"111":0,"112":0,"113":0,"114":0},"f":{"0":17,"1":10,"2":0,"3":0,"4":0,"5":0,"6":0,"7":0},"b":{"0":[1,16],"1":[0,13],"2":[0,13],"3":[5,5],"4":[10,7],"5":[1,4],"6":[0,4],"7":[0,4],"8":[0,0],"9":[0,0],"10":[0,0],"11":[0,0],"12":[0,0],"13":[0,0],"14":[0,0],"15":[0,0],"16":[0,0],"17":[0,0],"18":[0,0],"19":[0,0,0],"20":[0,0],"21":[0,0],"22":[0,0]},"_coverageSchema":"1a1c01bbd47fc00a2c39e90264f33305004495a9","hash":"dfe02f804e75b3aeb678464d1889b2fc59b2fd68"}
,"D:\\Downloads\\mern-ecommerce\\backend\\controllers\\Brand.js": {"path":"D:\\Downloads\\mern-ecommerce\\backend\\controllers\\Brand.js","statementMap":{"0":{"start":{"line":1,"column":12},"end":{"line":1,"column":38}},"1":{"start":{"line":3,"column":0},"end":{"line":11,"column":1}},"2":{"start":{"line":4,"column":4},"end":{"line":10,"column":5}},"3":{"start":{"line":5,"column":21},"end":{"line":5,"column":41}},"4":{"start":{"line":6,"column":8},"end":{"line":6,"column":36}},"5":{"start":{"line":8,"column":8},"end":{"line":8,"column":27}},"6":{"start":{"line":9,"column":8},"end":{"line":9,"column":63}}},"fnMap":{"0":{"name":"(anonymous_0)","decl":{"start":{"line":3,"column":15},"end":{"line":3,"column":16}},"loc":{"start":{"line":3,"column":31},"end":{"line":11,"column":1}},"line":3}},"branchMap":{},"s":{"0":1,"1":1,"2":0,"3":0,"4":0,"5":0,"6":0},"f":{"0":0},"b":{},"_coverageSchema":"1a1c01bbd47fc00a2c39e90264f33305004495a9","hash":"e098330740264714d4d7df08cbf9a3f285168a32"}
,"D:\\Downloads\\mern-ecommerce\\backend\\controllers\\Cart.js": {"path":"D:\\Downloads\\mern-ecommerce\\backend\\controllers\\Cart.js","statementMap":{"0":{"start":{"line":1,"column":11},"end":{"line":1,"column":36}},"1":{"start":{"line":3,"column":0},"end":{"line":12,"column":1}},"2":{"start":{"line":4,"column":4},"end":{"line":11,"column":5}},"3":{"start":{"line":5,"column":22},"end":{"line":5,"column":97}},"4":{"start":{"line":6,"column":8},"end":{"line":6,"column":28}},"5":{"start":{"line":7,"column":8},"end":{"line":7,"column":37}},"6":{"start":{"line":9,"column":8},"end":{"line":9,"column":27}},"7":{"start":{"line":10,"column":8},"end":{"line":10,"column":104}},"8":{"start":{"line":14,"column":0},"end":{"line":24,"column":1}},"9":{"start":{"line":15,"column":4},"end":{"line":23,"column":5}},"10":{"start":{"line":16,"column":19},"end":{"line":16,"column":29}},"11":{"start":{"line":17,"column":23},"end":{"line":17,"column":103}},"12":{"start":{"line":19,"column":8},"end":{"line":19,"column":36}},"13":{"start":{"line":21,"column":8},"end":{"line":21,"column":27}},"14":{"start":{"line":22,"column":8},"end":{"line":22,"column":101}},"15":{"start":{"line":26,"column":0},"end":{"line":35,"column":1}},"16":{"start":{"line":27,"column":4},"end":{"line":34,"column":5}},"17":{"start":{"line":28,"column":19},"end":{"line":28,"column":29}},"18":{"start":{"line":29,"column":22},"end":{"line":29,"column":125}},"19":{"start":{"line":30,"column":8},"end":{"line":30,"column":37}},"20":{"start":{"line":32,"column":8},"end":{"line":32,"column":27}},"21":{"start":{"line":33,"column":8},"end":{"line":33,"column":101}},"22":{"start":{"line":37,"column":0},"end":{"line":46,"column":1}},"23":{"start":{"line":38,"column":4},"end":{"line":45,"column":5}},"24":{"start":{"line":39,"column":19},"end":{"line":39,"column":29}},"25":{"start":{"line":40,"column":22},"end":{"line":40,"column":54}},"26":{"start":{"line":41,"column":8},"end":{"line":41,"column":37}},"27":{"start":{"line":43,"column":8},"end":{"line":43,"column":27}},"28":{"start":{"line":44,"column":8},"end":{"line":44,"column":100}},"29":{"start":{"line":48,"column":0},"end":{"line":59,"column":1}},"30":{"start":{"line":50,"column":4},"end":{"line":57,"column":5}},"31":{"start":{"line":51,"column":19},"end":{"line":51,"column":29}},"32":{"start":{"line":52,"column":8},"end":{"line":52,"column":40}},"33":{"start":{"line":53,"column":8},"end":{"line":53,"column":27}},"34":{"start":{"line":55,"column":8},"end":{"line":55,"column":27}},"35":{"start":{"line":56,"column":8},"end":{"line":56,"column":86}}},"fnMap":{"0":{"name":"(anonymous_0)","decl":{"start":{"line":3,"column":15},"end":{"line":3,"column":16}},"loc":{"start":{"line":3,"column":31},"end":{"line":12,"column":1}},"line":3},"1":{"name":"(anonymous_1)","decl":{"start":{"line":14,"column":20},"end":{"line":14,"column":21}},"loc":{"start":{"line":14,"column":36},"end":{"line":24,"column":1}},"line":14},"2":{"name":"(anonymous_2)","decl":{"start":{"line":26,"column":19},"end":{"line":26,"column":20}},"loc":{"start":{"line":26,"column":35},"end":{"line":35,"column":1}},"line":26},"3":{"name":"(anonymous_3)","decl":{"start":{"line":37,"column":19},"end":{"line":37,"column":20}},"loc":{"start":{"line":37,"column":35},"end":{"line":46,"column":1}},"line":37},"4":{"name":"(anonymous_4)","decl":{"start":{"line":48,"column":23},"end":{"line":48,"column":24}},"loc":{"start":{"line":48,"column":39},"end":{"line":59,"column":1}},"line":48}},"branchMap":{},"s":{"0":2,"1":2,"2":5,"3":5,"4":5,"5":4,"6":1,"7":1,"8":2,"9":3,"10":3,"11":3,"12":3,"13":0,"14":0,"15":2,"16":3,"17":3,"18":3,"19":2,"20":1,"21":1,"22":2,"23":2,"24":2,"25":2,"26":2,"27":0,"28":0,"29":2,"30":2,"31":2,"32":2,"33":2,"34":0,"35":0},"f":{"0":5,"1":3,"2":3,"3":2,"4":2},"b":{},"_coverageSchema":"1a1c01bbd47fc00a2c39e90264f33305004495a9","hash":"75998fa42a5e4c407fb1932d8f32ab347e460279"}
,"D:\\Downloads\\mern-ecommerce\\backend\\controllers\\Category.js": {"path":"D:\\Downloads\\mern-ecommerce\\backend\\controllers\\Category.js","statementMap":{"0":{"start":{"line":1,"column":15},"end":{"line":1,"column":44}},"1":{"start":{"line":3,"column":0},"end":{"line":11,"column":1}},"2":{"start":{"line":4,"column":4},"end":{"line":10,"column":5}},"3":{"start":{"line":5,"column":21},"end":{"line":5,"column":44}},"4":{"start":{"line":6,"column":8},"end":{"line":6,"column":36}},"5":{"start":{"line":8,"column":8},"end":{"line":8,"column":27}},"6":{"start":{"line":9,"column":8},"end":{"line":9,"column":67}}},"fnMap":{"0":{"name":"(anonymous_0)","decl":{"start":{"line":3,"column":15},"end":{"line":3,"column":16}},"loc":{"start":{"line":3,"column":31},"end":{"line":11,"column":1}},"line":3}},"branchMap":{},"s":{"0":1,"1":1,"2":0,"3":0,"4":0,"5":0,"6":0},"f":{"0":0},"b":{},"_coverageSchema":"1a1c01bbd47fc00a2c39e90264f33305004495a9","hash":"5befa59f51ec99e1a36c70cc76d8737231cb4d0a"}
,"D:\\Downloads\\mern-ecommerce\\backend\\controllers\\Order.js": {"path":"D:\\Downloads\\mern-ecommerce\\backend\\controllers\\Order.js","statementMap":{"0":{"start":{"line":1,"column":14},"end":{"line":1,"column":40}},"1":{"start":{"line":3,"column":0},"end":{"line":12,"column":1}},"2":{"start":{"line":4,"column":4},"end":{"line":11,"column":5}},"3":{"start":{"line":5,"column":22},"end":{"line":5,"column":41}},"4":{"start":{"line":6,"column":8},"end":{"line":6,"column":28}},"5":{"start":{"line":7,"column":8},"end":{"line":7,"column":37}},"6":{"start":{"line":9,"column":8},"end":{"line":9,"column":27}},"7":{"start":{"line":10,"column":8},"end":{"line":10,"column":99}},"8":{"start":{"line":14,"column":0},"end":{"line":23,"column":1}},"9":{"start":{"line":15,"column":4},"end":{"line":22,"column":5}},"10":{"start":{"line":16,"column":19},"end":{"line":16,"column":29}},"11":{"start":{"line":17,"column":22},"end":{"line":17,"column":49}},"12":{"start":{"line":18,"column":8},"end":{"line":18,"column":37}},"13":{"start":{"line":20,"column":8},"end":{"line":20,"column":27}},"14":{"start":{"line":21,"column":8},"end":{"line":21,"column":97}},"15":{"start":{"line":25,"column":0},"end":{"line":47,"column":2}},"16":{"start":{"line":26,"column":4},"end":{"line":46,"column":5}},"17":{"start":{"line":27,"column":17},"end":{"line":27,"column":18}},"18":{"start":{"line":28,"column":18},"end":{"line":28,"column":19}},"19":{"start":{"line":30,"column":8},"end":{"line":35,"column":9}},"20":{"start":{"line":31,"column":27},"end":{"line":31,"column":42}},"21":{"start":{"line":32,"column":23},"end":{"line":32,"column":37}},"22":{"start":{"line":33,"column":12},"end":{"line":33,"column":34}},"23":{"start":{"line":34,"column":12},"end":{"line":34,"column":26}},"24":{"start":{"line":37,"column":24},"end":{"line":37,"column":68}},"25":{"start":{"line":38,"column":22},"end":{"line":38,"column":73}},"26":{"start":{"line":40,"column":8},"end":{"line":40,"column":45}},"27":{"start":{"line":41,"column":8},"end":{"line":41,"column":37}},"28":{"start":{"line":44,"column":8},"end":{"line":44,"column":27}},"29":{"start":{"line":45,"column":8},"end":{"line":45,"column":87}},"30":{"start":{"line":49,"column":0},"end":{"line":58,"column":1}},"31":{"start":{"line":50,"column":4},"end":{"line":57,"column":5}},"32":{"start":{"line":51,"column":19},"end":{"line":51,"column":29}},"33":{"start":{"line":52,"column":22},"end":{"line":52,"column":75}},"34":{"start":{"line":53,"column":8},"end":{"line":53,"column":37}},"35":{"start":{"line":55,"column":8},"end":{"line":55,"column":27}},"36":{"start":{"line":56,"column":8},"end":{"line":56,"column":86}}},"fnMap":{"0":{"name":"(anonymous_0)","decl":{"start":{"line":3,"column":15},"end":{"line":3,"column":16}},"loc":{"start":{"line":3,"column":31},"end":{"line":12,"column":1}},"line":3},"1":{"name":"(anonymous_1)","decl":{"start":{"line":14,"column":20},"end":{"line":14,"column":21}},"loc":{"start":{"line":14,"column":36},"end":{"line":23,"column":1}},"line":14},"2":{"name":"(anonymous_2)","decl":{"start":{"line":25,"column":17},"end":{"line":25,"column":18}},"loc":{"start":{"line":25,"column":37},"end":{"line":47,"column":1}},"line":25},"3":{"name":"(anonymous_3)","decl":{"start":{"line":49,"column":19},"end":{"line":49,"column":20}},"loc":{"start":{"line":49,"column":35},"end":{"line":58,"column":1}},"line":49}},"branchMap":{"0":{"loc":{"start":{"line":30,"column":8},"end":{"line":35,"column":9}},"type":"if","locations":[{"start":{"line":30,"column":8},"end":{"line":35,"column":9}},{"start":{},"end":{}}],"line":30},"1":{"loc":{"start":{"line":30,"column":11},"end":{"line":30,"column":44}},"type":"binary-expr","locations":[{"start":{"line":30,"column":11},"end":{"line":30,"column":25}},{"start":{"line":30,"column":29},"end":{"line":30,"column":44}}],"line":30}},"s":{"0":2,"1":2,"2":7,"3":7,"4":7,"5":6,"6":1,"7":1,"8":2,"9":3,"10":3,"11":3,"12":3,"13":0,"14":0,"15":2,"16":0,"17":0,"18":0,"19":0,"20":0,"21":0,"22":0,"23":0,"24":0,"25":0,"26":0,"27":0,"28":0,"29":0,"30":2,"31":7,"32":7,"33":7,"34":7,"35":0,"36":0},"f":{"0":7,"1":3,"2":0,"3":7},"b":{"0":[0,0],"1":[0,0]},"_coverageSchema":"1a1c01bbd47fc00a2c39e90264f33305004495a9","hash":"2e12980e892b8f220f54cf783c1f112862733e53"}
,"D:\\Downloads\\mern-ecommerce\\backend\\controllers\\Product.js": {"path":"D:\\Downloads\\mern-ecommerce\\backend\\controllers\\Product.js","statementMap":{"0":{"start":{"line":1,"column":38},"end":{"line":1,"column":57}},"1":{"start":{"line":2,"column":14},"end":{"line":2,"column":42}},"2":{"start":{"line":4,"column":0},"end":{"line":13,"column":1}},"3":{"start":{"line":5,"column":4},"end":{"line":12,"column":5}},"4":{"start":{"line":6,"column":22},"end":{"line":6,"column":43}},"5":{"start":{"line":7,"column":8},"end":{"line":7,"column":28}},"6":{"start":{"line":8,"column":8},"end":{"line":8,"column":37}},"7":{"start":{"line":10,"column":8},"end":{"line":10,"column":27}},"8":{"start":{"line":11,"column":8},"end":{"line":11,"column":96}},"9":{"start":{"line":15,"column":0},"end":{"line":58,"column":2}},"10":{"start":{"line":16,"column":4},"end":{"line":57,"column":5}},"11":{"start":{"line":17,"column":21},"end":{"line":17,"column":23}},"12":{"start":{"line":18,"column":19},"end":{"line":18,"column":21}},"13":{"start":{"line":19,"column":17},"end":{"line":19,"column":18}},"14":{"start":{"line":20,"column":18},"end":{"line":20,"column":19}},"15":{"start":{"line":22,"column":8},"end":{"line":24,"column":9}},"16":{"start":{"line":23,"column":12},"end":{"line":23,"column":46}},"17":{"start":{"line":26,"column":8},"end":{"line":28,"column":9}},"18":{"start":{"line":27,"column":12},"end":{"line":27,"column":52}},"19":{"start":{"line":30,"column":8},"end":{"line":32,"column":9}},"20":{"start":{"line":31,"column":12},"end":{"line":31,"column":37}},"21":{"start":{"line":34,"column":8},"end":{"line":36,"column":9}},"22":{"start":{"line":35,"column":12},"end":{"line":35,"column":79}},"23":{"start":{"line":38,"column":8},"end":{"line":45,"column":9}},"24":{"start":{"line":40,"column":27},"end":{"line":40,"column":42}},"25":{"start":{"line":41,"column":23},"end":{"line":41,"column":37}},"26":{"start":{"line":43,"column":12},"end":{"line":43,"column":34}},"27":{"start":{"line":44,"column":12},"end":{"line":44,"column":26}},"28":{"start":{"line":47,"column":24},"end":{"line":47,"column":103}},"29":{"start":{"line":48,"column":22},"end":{"line":48,"column":108}},"30":{"start":{"line":50,"column":8},"end":{"line":50,"column":42}},"31":{"start":{"line":52,"column":8},"end":{"line":52,"column":37}},"32":{"start":{"line":55,"column":8},"end":{"line":55,"column":27}},"33":{"start":{"line":56,"column":8},"end":{"line":56,"column":89}},"34":{"start":{"line":60,"column":0},"end":{"line":69,"column":1}},"35":{"start":{"line":61,"column":4},"end":{"line":68,"column":5}},"36":{"start":{"line":62,"column":19},"end":{"line":62,"column":29}},"37":{"start":{"line":63,"column":21},"end":{"line":63,"column":86}},"38":{"start":{"line":64,"column":8},"end":{"line":64,"column":36}},"39":{"start":{"line":66,"column":8},"end":{"line":66,"column":27}},"40":{"start":{"line":67,"column":8},"end":{"line":67,"column":95}},"41":{"start":{"line":71,"column":0},"end":{"line":80,"column":1}},"42":{"start":{"line":72,"column":4},"end":{"line":79,"column":5}},"43":{"start":{"line":73,"column":19},"end":{"line":73,"column":29}},"44":{"start":{"line":74,"column":22},"end":{"line":74,"column":77}},"45":{"start":{"line":75,"column":8},"end":{"line":75,"column":37}},"46":{"start":{"line":77,"column":8},"end":{"line":77,"column":27}},"47":{"start":{"line":78,"column":8},"end":{"line":78,"column":88}},"48":{"start":{"line":82,"column":0},"end":{"line":91,"column":1}},"49":{"start":{"line":83,"column":4},"end":{"line":90,"column":5}},"50":{"start":{"line":84,"column":19},"end":{"line":84,"column":29}},"51":{"start":{"line":85,"column":24},"end":{"line":85,"column":106}},"52":{"start":{"line":86,"column":8},"end":{"line":86,"column":39}},"53":{"start":{"line":88,"column":8},"end":{"line":88,"column":27}},"54":{"start":{"line":89,"column":8},"end":{"line":89,"column":89}},"55":{"start":{"line":93,"column":0},"end":{"line":102,"column":1}},"56":{"start":{"line":94,"column":4},"end":{"line":101,"column":5}},"57":{"start":{"line":95,"column":19},"end":{"line":95,"column":29}},"58":{"start":{"line":96,"column":22},"end":{"line":96,"column":103}},"59":{"start":{"line":97,"column":8},"end":{"line":97,"column":37}},"60":{"start":{"line":99,"column":8},"end":{"line":99,"column":27}},"61":{"start":{"line":100,"column":8},"end":{"line":100,"column":88}}},"fnMap":{"0":{"name":"(anonymous_0)","decl":{"start":{"line":4,"column":15},"end":{"line":4,"column":16}},"loc":{"start":{"line":4,"column":31},"end":{"line":13,"column":1}},"line":4},"1":{"name":"(anonymous_1)","decl":{"start":{"line":15,"column":17},"end":{"line":15,"column":18}},"loc":{"start":{"line":15,"column":37},"end":{"line":58,"column":1}},"line":15},"2":{"name":"(anonymous_2)","decl":{"start":{"line":60,"column":16},"end":{"line":60,"column":17}},"loc":{"start":{"line":60,"column":32},"end":{"line":69,"column":1}},"line":60},"3":{"name":"(anonymous_3)","decl":{"start":{"line":71,"column":19},"end":{"line":71,"column":20}},"loc":{"start":{"line":71,"column":35},"end":{"line":80,"column":1}},"line":71},"4":{"name":"(anonymous_4)","decl":{"start":{"line":82,"column":21},"end":{"line":82,"column":22}},"loc":{"start":{"line":82,"column":37},"end":{"line":91,"column":1}},"line":82},"5":{"name":"(anonymous_5)","decl":{"start":{"line":93,"column":19},"end":{"line":93,"column":20}},"loc":{"start":{"line":93,"column":35},"end":{"line":102,"column":1}},"line":93}},"branchMap":{"0":{"loc":{"start":{"line":22,"column":8},"end":{"line":24,"column":9}},"type":"if","locations":[{"start":{"line":22,"column":8},"end":{"line":24,"column":9}},{"start":{},"end":{}}],"line":22},"1":{"loc":{"start":{"line":26,"column":8},"end":{"line":28,"column":9}},"type":"if","locations":[{"start":{"line":26,"column":8},"end":{"line":28,"column":9}},{"start":{},"end":{}}],"line":26},"2":{"loc":{"start":{"line":30,"column":8},"end":{"line":32,"column":9}},"type":"if","locations":[{"start":{"line":30,"column":8},"end":{"line":32,"column":9}},{"start":{},"end":{}}],"line":30},"3":{"loc":{"start":{"line":34,"column":8},"end":{"line":36,"column":9}},"type":"if","locations":[{"start":{"line":34,"column":8},"end":{"line":36,"column":9}},{"start":{},"end":{}}],"line":34},"4":{"loc":{"start":{"line":35,"column":33},"end":{"line":35,"column":79}},"type":"cond-expr","locations":[{"start":{"line":35,"column":49},"end":{"line":35,"column":77}},{"start":{"line":35,"column":78},"end":{"line":35,"column":79}}],"line":35},"5":{"loc":{"start":{"line":35,"column":49},"end":{"line":35,"column":77}},"type":"cond-expr","locations":[{"start":{"line":35,"column":73},"end":{"line":35,"column":74}},{"start":{"line":35,"column":75},"end":{"line":35,"column":77}}],"line":35},"6":{"loc":{"start":{"line":38,"column":8},"end":{"line":45,"column":9}},"type":"if","locations":[{"start":{"line":38,"column":8},"end":{"line":45,"column":9}},{"start":{},"end":{}}],"line":38},"7":{"loc":{"start":{"line":38,"column":11},"end":{"line":38,"column":44}},"type":"binary-expr","locations":[{"start":{"line":38,"column":11},"end":{"line":38,"column":25}},{"start":{"line":38,"column":29},"end":{"line":38,"column":44}}],"line":38}},"s":{"0":3,"1":3,"2":3,"3":16,"4":16,"5":16,"6":15,"7":1,"8":1,"9":3,"10":19,"11":19,"12":19,"13":19,"14":19,"15":19,"16":4,"17":19,"18":3,"19":19,"20":12,"21":19,"22":3,"23":19,"24":7,"25":7,"26":7,"27":7,"28":19,"29":19,"30":19,"31":19,"32":0,"33":0,"34":3,"35":5,"36":5,"37":5,"38":4,"39":1,"40":1,"41":3,"42":1,"43":1,"44":1,"45":1,"46":0,"47":0,"48":3,"49":0,"50":0,"51":0,"52":0,"53":0,"54":0,"55":3,"56":1,"57":1,"58":1,"59":1,"60":0,"61":0},"f":{"0":16,"1":19,"2":5,"3":1,"4":0,"5":1},"b":{"0":[4,15],"1":[3,16],"2":[12,7],"3":[3,16],"4":[3,0],"5":[2,1],"6":[7,12],"7":[19,7]},"_coverageSchema":"1a1c01bbd47fc00a2c39e90264f33305004495a9","hash":"3b4bedc3547fd6e574f075f4b93d9c343f0ac9f6"}
,"D:\\Downloads\\mern-ecommerce\\backend\\controllers\\Review.js": {"path":"D:\\Downloads\\mern-ecommerce\\backend\\controllers\\Review.js","statementMap":{"0":{"start":{"line":1,"column":13},"end":{"line":1,"column":40}},"1":{"start":{"line":3,"column":0},"end":{"line":13,"column":1}},"2":{"start":{"line":4,"column":4},"end":{"line":12,"column":5}},"3":{"start":{"line":5,"column":8},"end":{"line":5,"column":30}},"4":{"start":{"line":6,"column":22},"end":{"line":6,"column":91}},"5":{"start":{"line":7,"column":8},"end":{"line":7,"column":28}},"6":{"start":{"line":8,"column":8},"end":{"line":8,"column":37}},"7":{"start":{"line":10,"column":8},"end":{"line":10,"column":27}},"8":{"start":{"line":11,"column":8},"end":{"line":11,"column":96}},"9":{"start":{"line":15,"column":0},"end":{"line":39,"column":1}},"10":{"start":{"line":16,"column":4},"end":{"line":38,"column":5}},"11":{"start":{"line":17,"column":19},"end":{"line":17,"column":29}},"12":{"start":{"line":18,"column":17},"end":{"line":18,"column":18}},"13":{"start":{"line":19,"column":18},"end":{"line":19,"column":19}},"14":{"start":{"line":21,"column":8},"end":{"line":27,"column":9}},"15":{"start":{"line":22,"column":27},"end":{"line":22,"column":42}},"16":{"start":{"line":23,"column":23},"end":{"line":23,"column":37}},"17":{"start":{"line":25,"column":12},"end":{"line":25,"column":34}},"18":{"start":{"line":26,"column":12},"end":{"line":26,"column":26}},"19":{"start":{"line":29,"column":24},"end":{"line":29,"column":79}},"20":{"start":{"line":30,"column":21},"end":{"line":30,"column":100}},"21":{"start":{"line":32,"column":8},"end":{"line":32,"column":42}},"22":{"start":{"line":33,"column":8},"end":{"line":33,"column":36}},"23":{"start":{"line":36,"column":8},"end":{"line":36,"column":27}},"24":{"start":{"line":37,"column":8},"end":{"line":37,"column":104}},"25":{"start":{"line":41,"column":0},"end":{"line":50,"column":1}},"26":{"start":{"line":42,"column":4},"end":{"line":49,"column":5}},"27":{"start":{"line":43,"column":19},"end":{"line":43,"column":29}},"28":{"start":{"line":44,"column":22},"end":{"line":44,"column":93}},"29":{"start":{"line":45,"column":8},"end":{"line":45,"column":37}},"30":{"start":{"line":47,"column":8},"end":{"line":47,"column":27}},"31":{"start":{"line":48,"column":8},"end":{"line":48,"column":87}},"32":{"start":{"line":52,"column":0},"end":{"line":61,"column":1}},"33":{"start":{"line":53,"column":4},"end":{"line":60,"column":5}},"34":{"start":{"line":54,"column":19},"end":{"line":54,"column":29}},"35":{"start":{"line":55,"column":22},"end":{"line":55,"column":56}},"36":{"start":{"line":56,"column":8},"end":{"line":56,"column":37}},"37":{"start":{"line":58,"column":8},"end":{"line":58,"column":27}},"38":{"start":{"line":59,"column":8},"end":{"line":59,"column":87}}},"fnMap":{"0":{"name":"(anonymous_0)","decl":{"start":{"line":3,"column":15},"end":{"line":3,"column":16}},"loc":{"start":{"line":3,"column":31},"end":{"line":13,"column":1}},"line":3},"1":{"name":"(anonymous_1)","decl":{"start":{"line":15,"column":23},"end":{"line":15,"column":24}},"loc":{"start":{"line":15,"column":39},"end":{"line":39,"column":1}},"line":15},"2":{"name":"(anonymous_2)","decl":{"start":{"line":41,"column":19},"end":{"line":41,"column":20}},"loc":{"start":{"line":41,"column":35},"end":{"line":50,"column":1}},"line":41},"3":{"name":"(anonymous_3)","decl":{"start":{"line":52,"column":19},"end":{"line":52,"column":20}},"loc":{"start":{"line":52,"column":35},"end":{"line":61,"column":1}},"line":52}},"branchMap":{"0":{"loc":{"start":{"line":21,"column":8},"end":{"line":27,"column":9}},"type":"if","locations":[{"start":{"line":21,"column":8},"end":{"line":27,"column":9}},{"start":{},"end":{}}],"line":21},"1":{"loc":{"start":{"line":21,"column":11},"end":{"line":21,"column":44}},"type":"binary-expr","locations":[{"start":{"line":21,"column":11},"end":{"line":21,"column":25}},{"start":{"line":21,"column":29},"end":{"line":21,"column":44}}],"line":21}},"s":{"0":0,"1":0,"2":0,"3":0,"4":0,"5":0,"6":0,"7":0,"8":0,"9":0,"10":0,"11":0,"12":0,"13":0,"14":0,"15":0,"16":0,"17":0,"18":0,"19":0,"20":0,"21":0,"22":0,"23":0,"24":0,"25":0,"26":0,"27":0,"28":0,"29":0,"30":0,"31":0,"32":0,"33":0,"34":0,"35":0,"36":0,"37":0,"38":0},"f":{"0":0,"1":0,"2":0,"3":0},"b":{"0":[0,0],"1":[0,0]}}
,"D:\\Downloads\\mern-ecommerce\\backend\\controllers\\User.js": {"path":"D:\\Downloads\\mern-ecommerce\\backend\\controllers\\User.js","statementMap":{"0":{"start":{"line":1,"column":11},"end":{"line":1,"column":36}},"1":{"start":{"line":3,"column":0},"end":{"line":14,"column":1}},"2":{"start":{"line":4,"column":4},"end":{"line":13,"column":5}},"3":{"start":{"line":5,"column":19},"end":{"line":5,"column":29}},"4":{"start":{"line":6,"column":21},"end":{"line":6,"column":57}},"5":{"start":{"line":7,"column":8},"end":{"line":7,"column":30}},"6":{"start":{"line":8,"column":8},"end":{"line":8,"column":36}},"7":{"start":{"line":11,"column":8},"end":{"line":11,"column":27}},"8":{"start":{"line":12,"column":8},"end":{"line":12,"column":92}},"9":{"start":{"line":15,"column":0},"end":{"line":26,"column":1}},"10":{"start":{"line":16,"column":4},"end":{"line":25,"column":5}},"11":{"start":{"line":17,"column":19},"end":{"line":17,"column":29}},"12":{"start":{"line":18,"column":22},"end":{"line":18,"column":87}},"13":{"start":{"line":19,"column":8},"end":{"line":19,"column":31}},"14":{"start":{"line":20,"column":8},"end":{"line":20,"column":37}},"15":{"start":{"line":23,"column":8},"end":{"line":23,"column":27}},"16":{"start":{"line":24,"column":8},"end":{"line":24,"column":92}},"17":{"start":{"line":27,"column":0},"end":{"line":38,"column":1}},"18":{"start":{"line":28,"column":4},"end":{"line":37,"column":5}},"19":{"start":{"line":29,"column":30},"end":{"line":29,"column":64}},"20":{"start":{"line":30,"column":23},"end":{"line":30,"column":70}},"21":{"start":{"line":31,"column":20},"end":{"line":31,"column":50}},"22":{"start":{"line":32,"column":24},"end":{"line":32,"column":69}},"23":{"start":{"line":32,"column":39},"end":{"line":32,"column":57}},"24":{"start":{"line":32,"column":58},"end":{"line":32,"column":66}},"25":{"start":{"line":33,"column":8},"end":{"line":33,"column":39}},"26":{"start":{"line":35,"column":8},"end":{"line":35,"column":27}},"27":{"start":{"line":36,"column":8},"end":{"line":36,"column":62}},"28":{"start":{"line":40,"column":0},"end":{"line":54,"column":1}},"29":{"start":{"line":41,"column":4},"end":{"line":53,"column":5}},"30":{"start":{"line":42,"column":19},"end":{"line":42,"column":29}},"31":{"start":{"line":43,"column":19},"end":{"line":43,"column":42}},"32":{"start":{"line":44,"column":8},"end":{"line":44,"column":73}},"33":{"start":{"line":44,"column":18},"end":{"line":44,"column":73}},"34":{"start":{"line":45,"column":8},"end":{"line":45,"column":40}},"35":{"start":{"line":46,"column":22},"end":{"line":46,"column":39}},"36":{"start":{"line":47,"column":18},"end":{"line":47,"column":36}},"37":{"start":{"line":48,"column":8},"end":{"line":48,"column":27}},"38":{"start":{"line":49,"column":8},"end":{"line":49,"column":33}},"39":{"start":{"line":51,"column":8},"end":{"line":51,"column":27}},"40":{"start":{"line":52,"column":8},"end":{"line":52,"column":68}}},"fnMap":{"0":{"name":"(anonymous_0)","decl":{"start":{"line":3,"column":16},"end":{"line":3,"column":17}},"loc":{"start":{"line":3,"column":32},"end":{"line":14,"column":1}},"line":3},"1":{"name":"(anonymous_1)","decl":{"start":{"line":15,"column":19},"end":{"line":15,"column":20}},"loc":{"start":{"line":15,"column":35},"end":{"line":26,"column":1}},"line":15},"2":{"name":"(anonymous_2)","decl":{"start":{"line":27,"column":15},"end":{"line":27,"column":16}},"loc":{"start":{"line":27,"column":31},"end":{"line":38,"column":1}},"line":27},"3":{"name":"(anonymous_3)","decl":{"start":{"line":32,"column":34},"end":{"line":32,"column":35}},"loc":{"start":{"line":32,"column":37},"end":{"line":32,"column":68}},"line":32},"4":{"name":"(anonymous_4)","decl":{"start":{"line":40,"column":21},"end":{"line":40,"column":22}},"loc":{"start":{"line":40,"column":37},"end":{"line":54,"column":1}},"line":40}},"branchMap":{"0":{"loc":{"start":{"line":30,"column":23},"end":{"line":30,"column":70}},"type":"cond-expr","locations":[{"start":{"line":30,"column":39},"end":{"line":30,"column":65}},{"start":{"line":30,"column":68},"end":{"line":30,"column":70}}],"line":30},"1":{"loc":{"start":{"line":44,"column":8},"end":{"line":44,"column":73}},"type":"if","locations":[{"start":{"line":44,"column":8},"end":{"line":44,"column":73}},{"start":{},"end":{}}],"line":44}},"s":{"0":0,"1":0,"2":0,"3":0,"4":0,"5":0,"6":0,"7":0,"8":0,"9":0,"10":0,"11":0,"12":0,"13":0,"14":0,"15":0,"16":0,"17":0,"18":0,"19":0,"20":0,"21":0,"22":0,"23":0,"24":0,"25":0,"26":0,"27":0,"28":0,"29":0,"30":0,"31":0,"32":0,"33":0,"34":0,"35":0,"36":0,"37":0,"38":0,"39":0,"40":0},"f":{"0":0,"1":0,"2":0,"3":0,"4":0},"b":{"0":[0,0],"1":[0,0]}}
,"D:\\Downloads\\mern-ecommerce\\backend\\controllers\\Wishlist.js": {"path":"D:\\Downloads\\mern-ecommerce\\backend\\controllers\\Wishlist.js","statementMap":{"0":{"start":{"line":1,"column":17},"end":{"line":1,"column":46}},"1":{"start":{"line":3,"column":0},"end":{"line":12,"column":1}},"2":{"start":{"line":4,"column":4},"end":{"line":11,"column":5}},"3":{"start":{"line":5,"column":22},"end":{"line":5,"column":96}},"4":{"start":{"line":6,"column":8},"end":{"line":6,"column":28}},"5":{"start":{"line":7,"column":8},"end":{"line":7,"column":37}},"6":{"start":{"line":9,"column":8},"end":{"line":9,"column":27}},"7":{"start":{"line":10,"column":8},"end":{"line":10,"column":98}},"8":{"start":{"line":13,"column":0},"end":{"line":36,"column":1}},"9":{"start":{"line":14,"column":4},"end":{"line":35,"column":5}},"10":{"start":{"line":15,"column":19},"end":{"line":15,"column":29}},"11":{"start":{"line":16,"column":17},"end":{"line":16,"column":18}},"12":{"start":{"line":17,"column":18},"end":{"line":17,"column":19}},"13":{"start":{"line":19,"column":8},"end":{"line":25,"column":9}},"14":{"start":{"line":20,"column":27},"end":{"line":20,"column":42}},"15":{"start":{"line":21,"column":23},"end":{"line":21,"column":37}},"16":{"start":{"line":23,"column":12},"end":{"line":23,"column":34}},"17":{"start":{"line":24,"column":12},"end":{"line":24,"column":26}},"18":{"start":{"line":27,"column":21},"end":{"line":27,"column":121}},"19":{"start":{"line":28,"column":27},"end":{"line":28,"column":81}},"20":{"start":{"line":30,"column":8},"end":{"line":30,"column":45}},"21":{"start":{"line":31,"column":8},"end":{"line":31,"column":36}},"22":{"start":{"line":33,"column":8},"end":{"line":33,"column":27}},"23":{"start":{"line":34,"column":8},"end":{"line":34,"column":94}},"24":{"start":{"line":37,"column":0},"end":{"line":46,"column":1}},"25":{"start":{"line":38,"column":4},"end":{"line":45,"column":5}},"26":{"start":{"line":39,"column":19},"end":{"line":39,"column":29}},"27":{"start":{"line":40,"column":22},"end":{"line":40,"column":98}},"28":{"start":{"line":41,"column":8},"end":{"line":41,"column":37}},"29":{"start":{"line":43,"column":8},"end":{"line":43,"column":27}},"30":{"start":{"line":44,"column":8},"end":{"line":44,"column":94}},"31":{"start":{"line":47,"column":0},"end":{"line":56,"column":1}},"32":{"start":{"line":48,"column":4},"end":{"line":55,"column":5}},"33":{"start":{"line":49,"column":19},"end":{"line":49,"column":29}},"34":{"start":{"line":50,"column":22},"end":{"line":50,"column":58}},"35":{"start":{"line":51,"column":8},"end":{"line":51,"column":44}},"36":{"start":{"line":53,"column":8},"end":{"line":53,"column":27}},"37":{"start":{"line":54,"column":8},"end":{"line":54,"column":107}}},"fnMap":{"0":{"name":"(anonymous_0)","decl":{"start":{"line":3,"column":15},"end":{"line":3,"column":16}},"loc":{"start":{"line":3,"column":31},"end":{"line":12,"column":1}},"line":3},"1":{"name":"(anonymous_1)","decl":{"start":{"line":13,"column":20},"end":{"line":13,"column":21}},"loc":{"start":{"line":13,"column":36},"end":{"line":36,"column":1}},"line":13},"2":{"name":"(anonymous_2)","decl":{"start":{"line":37,"column":19},"end":{"line":37,"column":20}},"loc":{"start":{"line":37,"column":35},"end":{"line":46,"column":1}},"line":37},"3":{"name":"(anonymous_3)","decl":{"start":{"line":47,"column":19},"end":{"line":47,"column":20}},"loc":{"start":{"line":47,"column":35},"end":{"line":56,"column":1}},"line":47}},"branchMap":{"0":{"loc":{"start":{"line":19,"column":8},"end":{"line":25,"column":9}},"type":"if","locations":[{"start":{"line":19,"column":8},"end":{"line":25,"column":9}},{"start":{},"end":{}}],"line":19},"1":{"loc":{"start":{"line":19,"column":11},"end":{"line":19,"column":44}},"type":"binary-expr","locations":[{"start":{"line":19,"column":11},"end":{"line":19,"column":25}},{"start":{"line":19,"column":29},"end":{"line":19,"column":44}}],"line":19}},"s":{"0":0,"1":0,"2":0,"3":0,"4":0,"5":0,"6":0,"7":0,"8":0,"9":0,"10":0,"11":0,"12":0,"13":0,"14":0,"15":0,"16":0,"17":0,"18":0,"19":0,"20":0,"21":0,"22":0,"23":0,"24":0,"25":0,"26":0,"27":0,"28":0,"29":0,"30":0,"31":0,"32":0,"33":0,"34":0,"35":0,"36":0,"37":0},"f":{"0":0,"1":0,"2":0,"3":0},"b":{"0":[0,0],"1":[0,0]}}
,"D:\\Downloads\\mern-ecommerce\\backend\\middleware\\VerifyToken.js": {"path":"D:\\Downloads\\mern-ecommerce\\backend\\middleware\\VerifyToken.js","statementMap":{"0":{"start":{"line":1,"column":0},"end":{"line":1,"column":26}},"1":{"start":{"line":2,"column":10},"end":{"line":2,"column":33}},"2":{"start":{"line":3,"column":25},"end":{"line":3,"column":57}},"3":{"start":{"line":5,"column":0},"end":{"line":43,"column":1}},"4":{"start":{"line":6,"column":4},"end":{"line":42,"column":5}},"5":{"start":{"line":8,"column":22},"end":{"line":8,"column":33}},"6":{"start":{"line":11,"column":8},"end":{"line":13,"column":9}},"7":{"start":{"line":12,"column":12},"end":{"line":12,"column":86}},"8":{"start":{"line":16,"column":26},"end":{"line":16,"column":66}},"9":{"start":{"line":19,"column":8},"end":{"line":27,"column":9}},"10":{"start":{"line":20,"column":12},"end":{"line":20,"column":32}},"11":{"start":{"line":21,"column":12},"end":{"line":21,"column":18}},"12":{"start":{"line":26,"column":12},"end":{"line":26,"column":86}},"13":{"start":{"line":31,"column":8},"end":{"line":31,"column":27}},"14":{"start":{"line":33,"column":8},"end":{"line":41,"column":9}},"15":{"start":{"line":34,"column":12},"end":{"line":34,"column":90}},"16":{"start":{"line":36,"column":13},"end":{"line":41,"column":9}},"17":{"start":{"line":37,"column":12},"end":{"line":37,"column":90}},"18":{"start":{"line":40,"column":12},"end":{"line":40,"column":78}}},"fnMap":{"0":{"name":"(anonymous_0)","decl":{"start":{"line":5,"column":20},"end":{"line":5,"column":21}},"loc":{"start":{"line":5,"column":41},"end":{"line":43,"column":1}},"line":5}},"branchMap":{"0":{"loc":{"start":{"line":11,"column":8},"end":{"line":13,"column":9}},"type":"if","locations":[{"start":{"line":11,"column":8},"end":{"line":13,"column":9}},{"start":{},"end":{}}],"line":11},"1":{"loc":{"start":{"line":19,"column":8},"end":{"line":27,"column":9}},"type":"if","locations":[{"start":{"line":19,"column":8},"end":{"line":27,"column":9}},{"start":{"line":25,"column":12},"end":{"line":27,"column":9}}],"line":19},"2":{"loc":{"start":{"line":19,"column":11},"end":{"line":19,"column":62}},"type":"binary-expr","locations":[{"start":{"line":19,"column":11},"end":{"line":19,"column":22}},{"start":{"line":19,"column":26},"end":{"line":19,"column":41}},{"start":{"line":19,"column":45},"end":{"line":19,"column":62}}],"line":19},"3":{"loc":{"start":{"line":33,"column":8},"end":{"line":41,"column":9}},"type":"if","locations":[{"start":{"line":33,"column":8},"end":{"line":41,"column":9}},{"start":{"line":36,"column":13},"end":{"line":41,"column":9}}],"line":33},"4":{"loc":{"start":{"line":36,"column":13},"end":{"line":41,"column":9}},"type":"if","locations":[{"start":{"line":36,"column":13},"end":{"line":41,"column":9}},{"start":{"line":39,"column":13},"end":{"line":41,"column":9}}],"line":36}},"s":{"0":1,"1":1,"2":1,"3":1,"4":0,"5":0,"6":0,"7":0,"8":0,"9":0,"10":0,"11":0,"12":0,"13":0,"14":0,"15":0,"16":0,"17":0,"18":0},"f":{"0":0},"b":{"0":[0,0],"1":[0,0],"2":[0,0,0],"3":[0,0],"4":[0,0]},"_coverageSchema":"1a1c01bbd47fc00a2c39e90264f33305004495a9","hash":"29db08b360b1640cc2ba399bf6aa79097c5cc591"}
,"D:\\Downloads\\mern-ecommerce\\backend\\models\\Address.js": {"path":"D:\\Downloads\\mern-ecommerce\\backend\\models\\Address.js","statementMap":{"0":{"start":{"line":1,"column":15},"end":{"line":1,"column":34}},"1":{"start":{"line":2,"column":15},"end":{"line":2,"column":23}},"2":{"start":{"line":4,"column":22},"end":{"line":38,"column":4}},"3":{"start":{"line":40,"column":0},"end":{"line":40,"column":54}}},"fnMap":{},"branchMap":{},"s":{"0":1,"1":1,"2":1,"3":1},"f":{},"b":{},"_coverageSchema":"1a1c01bbd47fc00a2c39e90264f33305004495a9","hash":"fdf8872da36b0e5a16e9bd5ecb6ed0027ba9043d"}
,"D:\\Downloads\\mern-ecommerce\\backend\\models\\Brand.js": {"path":"D:\\Downloads\\mern-ecommerce\\backend\\models\\Brand.js","statementMap":{"0":{"start":{"line":1,"column":15},"end":{"line":1,"column":34}},"1":{"start":{"line":2,"column":15},"end":{"line":2,"column":23}},"2":{"start":{"line":5,"column":18},"end":{"line":10,"column":2}},"3":{"start":{"line":12,"column":0},"end":{"line":12,"column":50}}},"fnMap":{},"branchMap":{},"s":{"0":5,"1":5,"2":5,"3":5},"f":{},"b":{},"_coverageSchema":"1a1c01bbd47fc00a2c39e90264f33305004495a9","hash":"899387e077bf1f41c3bce618e6837320a8320bbd"}
,"D:\\Downloads\\mern-ecommerce\\backend\\models\\Cart.js": {"path":"D:\\Downloads\\mern-ecommerce\\backend\\models\\Cart.js","statementMap":{"0":{"start":{"line":1,"column":15},"end":{"line":1,"column":34}},"1":{"start":{"line":2,"column":15},"end":{"line":2,"column":23}},"2":{"start":{"line":4,"column":17},"end":{"line":19,"column":21}},"3":{"start":{"line":21,"column":0},"end":{"line":21,"column":48}}},"fnMap":{},"branchMap":{},"s":{"0":2,"1":2,"2":2,"3":2},"f":{},"b":{},"_coverageSchema":"1a1c01bbd47fc00a2c39e90264f33305004495a9","hash":"774372629a44da94d374ee33f251f180925b9cd8"}
,"D:\\Downloads\\mern-ecommerce\\backend\\models\\Category.js": {"path":"D:\\Downloads\\mern-ecommerce\\backend\\models\\Category.js","statementMap":{"0":{"start":{"line":1,"column":15},"end":{"line":1,"column":34}},"1":{"start":{"line":2,"column":15},"end":{"line":2,"column":23}},"2":{"start":{"line":5,"column":21},"end":{"line":10,"column":2}},"3":{"start":{"line":12,"column":0},"end":{"line":12,"column":56}}},"fnMap":{},"branchMap":{},"s":{"0":3,"1":3,"2":3,"3":3},"f":{},"b":{},"_coverageSchema":"1a1c01bbd47fc00a2c39e90264f33305004495a9","hash":"8fca992c5c13e559f598458addca36f15a4b2710"}
,"D:\\Downloads\\mern-ecommerce\\backend\\models\\OTP.js": {"path":"D:\\Downloads\\mern-ecommerce\\backend\\models\\OTP.js","statementMap":{"0":{"start":{"line":1,"column":15},"end":{"line":1,"column":34}},"1":{"start":{"line":2,"column":15},"end":{"line":2,"column":23}},"2":{"start":{"line":4,"column":16},"end":{"line":18,"column":2}},"3":{"start":{"line":22,"column":0},"end":{"line":22,"column":46}}},"fnMap":{},"branchMap":{},"s":{"0":2,"1":2,"2":2,"3":2},"f":{},"b":{},"_coverageSchema":"1a1c01bbd47fc00a2c39e90264f33305004495a9","hash":"2f956d0cb80320653d6cacd5ae0d29e65e11cb6a"}
,"D:\\Downloads\\mern-ecommerce\\backend\\models\\Order.js": {"path":"D:\\Downloads\\mern-ecommerce\\backend\\models\\Order.js","statementMap":{"0":{"start":{"line":1,"column":15},"end":{"line":1,"column":34}},"1":{"start":{"line":2,"column":15},"end":{"line":2,"column":23}},"2":{"start":{"line":4,"column":18},"end":{"line":36,"column":21}},"3":{"start":{"line":38,"column":0},"end":{"line":38,"column":50}}},"fnMap":{},"branchMap":{},"s":{"0":2,"1":2,"2":2,"3":2},"f":{},"b":{},"_coverageSchema":"1a1c01bbd47fc00a2c39e90264f33305004495a9","hash":"c4eb19184b8708d9a29833416c8c80b7f137573e"}
,"D:\\Downloads\\mern-ecommerce\\backend\\models\\PasswordResetToken.js": {"path":"D:\\Downloads\\mern-ecommerce\\backend\\models\\PasswordResetToken.js","statementMap":{"0":{"start":{"line":1,"column":15},"end":{"line":1,"column":34}},"1":{"start":{"line":2,"column":15},"end":{"line":2,"column":23}},"2":{"start":{"line":4,"column":31},"end":{"line":18,"column":2}},"3":{"start":{"line":22,"column":0},"end":{"line":22,"column":76}}},"fnMap":{},"branchMap":{},"s":{"0":2,"1":2,"2":2,"3":2},"f":{},"b":{},"_coverageSchema":"1a1c01bbd47fc00a2c39e90264f33305004495a9","hash":"46583faf5fca8137c58e9a8b31526641b6594084"}
,"D:\\Downloads\\mern-ecommerce\\backend\\models\\Product.js": {"path":"D:\\Downloads\\mern-ecommerce\\backend\\models\\Product.js","statementMap":{"0":{"start":{"line":1,"column":15},"end":{"line":1,"column":34}},"1":{"start":{"line":2,"column":15},"end":{"line":2,"column":23}},"2":{"start":{"line":4,"column":21},"end":{"line":47,"column":37}},"3":{"start":{"line":49,"column":0},"end":{"line":49,"column":54}}},"fnMap":{},"branchMap":{},"s":{"0":5,"1":5,"2":5,"3":5},"f":{},"b":{},"_coverageSchema":"1a1c01bbd47fc00a2c39e90264f33305004495a9","hash":"e18f5eedbc08c49ee786b285358d7804afb6c9b9"}
,"D:\\Downloads\\mern-ecommerce\\backend\\models\\Review.js": {"path":"D:\\Downloads\\mern-ecommerce\\backend\\models\\Review.js","statementMap":{"0":{"start":{"line":1,"column":15},"end":{"line":1,"column":34}},"1":{"start":{"line":2,"column":15},"end":{"line":2,"column":23}},"2":{"start":{"line":4,"column":19},"end":{"line":29,"column":21}},"3":{"start":{"line":32,"column":0},"end":{"line":32,"column":52}}},"fnMap":{},"branchMap":{},"s":{"0":0,"1":0,"2":0,"3":0},"f":{},"b":{}}
,"D:\\Downloads\\mern-ecommerce\\backend\\models\\User.js": {"path":"D:\\Downloads\\mern-ecommerce\\backend\\models\\User.js","statementMap":{"0":{"start":{"line":1,"column":15},"end":{"line":1,"column":34}},"1":{"start":{"line":2,"column":15},"end":{"line":2,"column":23}},"2":{"start":{"line":4,"column":17},"end":{"line":30,"column":2}},"3":{"start":{"line":35,"column":0},"end":{"line":35,"column":48}}},"fnMap":{},"branchMap":{},"s":{"0":4,"1":4,"2":4,"3":4},"f":{},"b":{},"_coverageSchema":"1a1c01bbd47fc00a2c39e90264f33305004495a9","hash":"323a96819126e06d0637cc026673e37fe0e73775"}
,"D:\\Downloads\\mern-ecommerce\\backend\\models\\Wishlist.js": {"path":"D:\\Downloads\\mern-ecommerce\\backend\\models\\Wishlist.js","statementMap":{"0":{"start":{"line":1,"column":15},"end":{"line":1,"column":34}},"1":{"start":{"line":2,"column":15},"end":{"line":2,"column":23}},"2":{"start":{"line":4,"column":21},"end":{"line":18,"column":37}},"3":{"start":{"line":20,"column":0},"end":{"line":20,"column":56}}},"fnMap":{},"branchMap":{},"s":{"0":0,"1":0,"2":0,"3":0},"f":{},"b":{}}
,"D:\\Downloads\\mern-ecommerce\\backend\\routes\\Address.js": {"path":"D:\\Downloads\\mern-ecommerce\\backend\\routes\\Address.js","statementMap":{"0":{"start":{"line":1,"column":14},"end":{"line":1,"column":32}},"1":{"start":{"line":2,"column":24},"end":{"line":2,"column":57}},"2":{"start":{"line":3,"column":13},"end":{"line":3,"column":29}},"3":{"start":{"line":5,"column":0},"end":{"line":9,"column":48}},"4":{"start":{"line":11,"column":0},"end":{"line":11,"column":21}}},"fnMap":{},"branchMap":{},"s":{"0":1,"1":1,"2":1,"3":1,"4":1},"f":{},"b":{},"_coverageSchema":"1a1c01bbd47fc00a2c39e90264f33305004495a9","hash":"2b0c1758111ed93c2c3f33afc025d99d247e345b"}
,"D:\\Downloads\\mern-ecommerce\\backend\\routes\\Auth.js": {"path":"D:\\Downloads\\mern-ecommerce\\backend\\routes\\Auth.js","statementMap":{"0":{"start":{"line":1,"column":14},"end":{"line":1,"column":32}},"1":{"start":{"line":2,"column":13},"end":{"line":2,"column":29}},"2":{"start":{"line":3,"column":21},"end":{"line":3,"column":51}},"3":{"start":{"line":4,"column":24},"end":{"line":4,"column":60}},"4":{"start":{"line":6,"column":0},"end":{"line":14,"column":41}},"5":{"start":{"line":17,"column":0},"end":{"line":17,"column":21}}},"fnMap":{},"branchMap":{},"s":{"0":1,"1":1,"2":1,"3":1,"4":1,"5":1},"f":{},"b":{},"_coverageSchema":"1a1c01bbd47fc00a2c39e90264f33305004495a9","hash":"4d60f804aeb0da78c43e40aceb730d8b273f6577"}
,"D:\\Downloads\\mern-ecommerce\\backend\\routes\\Brand.js": {"path":"D:\\Downloads\\mern-ecommerce\\backend\\routes\\Brand.js","statementMap":{"0":{"start":{"line":1,"column":14},"end":{"line":1,"column":32}},"1":{"start":{"line":2,"column":22},"end":{"line":2,"column":53}},"2":{"start":{"line":3,"column":13},"end":{"line":3,"column":29}},"3":{"start":{"line":5,"column":0},"end":{"line":6,"column":36}},"4":{"start":{"line":8,"column":0},"end":{"line":8,"column":21}}},"fnMap":{},"branchMap":{},"s":{"0":1,"1":1,"2":1,"3":1,"4":1},"f":{},"b":{},"_coverageSchema":"1a1c01bbd47fc00a2c39e90264f33305004495a9","hash":"cfe344a473d86dc9753ad38c067afbe350a83105"}
,"D:\\Downloads\\mern-ecommerce\\backend\\routes\\Cart.js": {"path":"D:\\Downloads\\mern-ecommerce\\backend\\routes\\Cart.js","statementMap":{"0":{"start":{"line":1,"column":14},"end":{"line":1,"column":32}},"1":{"start":{"line":2,"column":21},"end":{"line":2,"column":51}},"2":{"start":{"line":3,"column":13},"end":{"line":3,"column":29}},"3":{"start":{"line":5,"column":0},"end":{"line":10,"column":54}},"4":{"start":{"line":12,"column":0},"end":{"line":12,"column":21}}},"fnMap":{},"branchMap":{},"s":{"0":1,"1":1,"2":1,"3":1,"4":1},"f":{},"b":{},"_coverageSchema":"1a1c01bbd47fc00a2c39e90264f33305004495a9","hash":"6e6c1ba1815921564079ba0df8c496e884b5b234"}
,"D:\\Downloads\\mern-ecommerce\\backend\\routes\\Category.js": {"path":"D:\\Downloads\\mern-ecommerce\\backend\\routes\\Category.js","statementMap":{"0":{"start":{"line":1,"column":14},"end":{"line":1,"column":32}},"1":{"start":{"line":2,"column":25},"end":{"line":2,"column":59}},"2":{"start":{"line":3,"column":13},"end":{"line":3,"column":29}},"3":{"start":{"line":5,"column":0},"end":{"line":6,"column":39}},"4":{"start":{"line":9,"column":0},"end":{"line":9,"column":21}}},"fnMap":{},"branchMap":{},"s":{"0":1,"1":1,"2":1,"3":1,"4":1},"f":{},"b":{},"_coverageSchema":"1a1c01bbd47fc00a2c39e90264f33305004495a9","hash":"9efb2b616685a5d5d56cc9eef3e805bfd6f39ed6"}
,"D:\\Downloads\\mern-ecommerce\\backend\\routes\\Order.js": {"path":"D:\\Downloads\\mern-ecommerce\\backend\\routes\\Order.js","statementMap":{"0":{"start":{"line":1,"column":14},"end":{"line":1,"column":32}},"1":{"start":{"line":2,"column":22},"end":{"line":2,"column":53}},"2":{"start":{"line":3,"column":13},"end":{"line":3,"column":29}},"3":{"start":{"line":6,"column":0},"end":{"line":10,"column":45}},"4":{"start":{"line":13,"column":0},"end":{"line":13,"column":21}}},"fnMap":{},"branchMap":{},"s":{"0":1,"1":1,"2":1,"3":1,"4":1},"f":{},"b":{},"_coverageSchema":"1a1c01bbd47fc00a2c39e90264f33305004495a9","hash":"7dd45991ab0a82960961473c5f5248ad85d7452e"}
,"D:\\Downloads\\mern-ecommerce\\backend\\routes\\Product.js": {"path":"D:\\Downloads\\mern-ecommerce\\backend\\routes\\Product.js","statementMap":{"0":{"start":{"line":1,"column":14},"end":{"line":1,"column":32}},"1":{"start":{"line":2,"column":24},"end":{"line":2,"column":57}},"2":{"start":{"line":3,"column":13},"end":{"line":3,"column":29}},"3":{"start":{"line":5,"column":0},"end":{"line":11,"column":48}},"4":{"start":{"line":13,"column":0},"end":{"line":13,"column":21}}},"fnMap":{},"branchMap":{},"s":{"0":2,"1":2,"2":2,"3":2,"4":2},"f":{},"b":{},"_coverageSchema":"1a1c01bbd47fc00a2c39e90264f33305004495a9","hash":"b2e665210bc129a0cf0c329334ced4700eb84760"}
,"D:\\Downloads\\mern-ecommerce\\backend\\routes\\Review.js": {"path":"D:\\Downloads\\mern-ecommerce\\backend\\routes\\Review.js","statementMap":{"0":{"start":{"line":1,"column":14},"end":{"line":1,"column":32}},"1":{"start":{"line":2,"column":23},"end":{"line":2,"column":55}},"2":{"start":{"line":3,"column":13},"end":{"line":3,"column":29}},"3":{"start":{"line":6,"column":0},"end":{"line":10,"column":47}},"4":{"start":{"line":12,"column":0},"end":{"line":12,"column":21}}},"fnMap":{},"branchMap":{},"s":{"0":0,"1":0,"2":0,"3":0,"4":0},"f":{},"b":{}}
,"D:\\Downloads\\mern-ecommerce\\backend\\routes\\User.js": {"path":"D:\\Downloads\\mern-ecommerce\\backend\\routes\\User.js","statementMap":{"0":{"start":{"line":1,"column":14},"end":{"line":1,"column":32}},"1":{"start":{"line":2,"column":21},"end":{"line":2,"column":51}},"2":{"start":{"line":3,"column":13},"end":{"line":3,"column":29}},"3":{"start":{"line":5,"column":0},"end":{"line":9,"column":61}},"4":{"start":{"line":11,"column":0},"end":{"line":11,"column":21}}},"fnMap":{},"branchMap":{},"s":{"0":0,"1":0,"2":0,"3":0,"4":0},"f":{},"b":{}}
,"D:\\Downloads\\mern-ecommerce\\backend\\routes\\Wishlist.js": {"path":"D:\\Downloads\\mern-ecommerce\\backend\\routes\\Wishlist.js","statementMap":{"0":{"start":{"line":1,"column":14},"end":{"line":1,"column":32}},"1":{"start":{"line":2,"column":25},"end":{"line":2,"column":59}},"2":{"start":{"line":3,"column":13},"end":{"line":3,"column":29}},"3":{"start":{"line":6,"column":0},"end":{"line":10,"column":49}},"4":{"start":{"line":12,"column":0},"end":{"line":12,"column":21}}},"fnMap":{},"branchMap":{},"s":{"0":0,"1":0,"2":0,"3":0,"4":0},"f":{},"b":{}}
,"D:\\Downloads\\mern-ecommerce\\backend\\utils\\Emails.js": {"path":"D:\\Downloads\\mern-ecommerce\\backend\\utils\\Emails.js","statementMap":{"0":{"start":{"line":1,"column":19},"end":{"line":1,"column":40}},"1":{"start":{"line":3,"column":20},"end":{"line":9,"column":2}},"2":{"start":{"line":11,"column":0},"end":{"line":18,"column":2}},"3":{"start":{"line":12,"column":4},"end":{"line":17,"column":5}}},"fnMap":{"0":{"name":"(anonymous_0)","decl":{"start":{"line":11,"column":19},"end":{"line":11,"column":20}},"loc":{"start":{"line":11,"column":56},"end":{"line":18,"column":1}},"line":11}},"branchMap":{},"s":{"0":2,"1":2,"2":2,"3":0},"f":{"0":0},"b":{},"_coverageSchema":"1a1c01bbd47fc00a2c39e90264f33305004495a9","hash":"d79811ccc40aee9eccc20d23ee044609318054e5"}
,"D:\\Downloads\\mern-ecommerce\\backend\\utils\\GenerateOtp.js": {"path":"D:\\Downloads\\mern-ecommerce\\backend\\utils\\GenerateOtp.js","statementMap":{"0":{"start":{"line":1,"column":0},"end":{"line":4,"column":3}},"1":{"start":{"line":2,"column":16},"end":{"line":2,"column":55}},"2":{"start":{"line":3,"column":4},"end":{"line":3,"column":26}}},"fnMap":{"0":{"name":"(anonymous_0)","decl":{"start":{"line":1,"column":20},"end":{"line":1,"column":21}},"loc":{"start":{"line":1,"column":24},"end":{"line":4,"column":3}},"line":1}},"branchMap":{},"s":{"0":2,"1":0,"2":0},"f":{"0":0},"b":{},"_coverageSchema":"1a1c01bbd47fc00a2c39e90264f33305004495a9","hash":"75a0de5d98345570326f362ff494a497f9c15cb4"}
,"D:\\Downloads\\mern-ecommerce\\backend\\utils\\GenerateToken.js": {"path":"D:\\Downloads\\mern-ecommerce\\backend\\utils\\GenerateToken.js","statementMap":{"0":{"start":{"line":1,"column":0},"end":{"line":1,"column":26}},"1":{"start":{"line":2,"column":10},"end":{"line":2,"column":33}},"2":{"start":{"line":4,"column":0},"end":{"line":6,"column":1}},"3":{"start":{"line":5,"column":4},"end":{"line":5,"column":156}}},"fnMap":{"0":{"name":"(anonymous_0)","decl":{"start":{"line":4,"column":22},"end":{"line":4,"column":23}},"loc":{"start":{"line":4,"column":53},"end":{"line":6,"column":1}},"line":4}},"branchMap":{"0":{"loc":{"start":{"line":4,"column":31},"end":{"line":4,"column":50}},"type":"default-arg","locations":[{"start":{"line":4,"column":45},"end":{"line":4,"column":50}}],"line":4},"1":{"loc":{"start":{"line":5,"column":62},"end":{"line":5,"column":154}},"type":"cond-expr","locations":[{"start":{"line":5,"column":76},"end":{"line":5,"column":119}},{"start":{"line":5,"column":120},"end":{"line":5,"column":154}}],"line":5}},"s":{"0":2,"1":2,"2":2,"3":17},"f":{"0":17},"b":{"0":[17],"1":[0,17]},"_coverageSchema":"1a1c01bbd47fc00a2c39e90264f33305004495a9","hash":"69bf1a036a30110e3d99ba1efd8122f59d3edfe0"}
,"D:\\Downloads\\mern-ecommerce\\backend\\utils\\SanitizeUser.js": {"path":"D:\\Downloads\\mern-ecommerce\\backend\\utils\\SanitizeUser.js","statementMap":{"0":{"start":{"line":1,"column":0},"end":{"line":3,"column":1}},"1":{"start":{"line":2,"column":4},"end":{"line":2,"column":131}}},"fnMap":{"0":{"name":"(anonymous_0)","decl":{"start":{"line":1,"column":21},"end":{"line":1,"column":22}},"loc":{"start":{"line":1,"column":29},"end":{"line":3,"column":1}},"line":1}},"branchMap":{},"s":{"0":2,"1":34},"f":{"0":34},"b":{},"_coverageSchema":"1a1c01bbd47fc00a2c39e90264f33305004495a9","hash":"7f4eafe12b0ce3a253f947e60c0521c55725012c"}
}
